Command: /home/verifier/project/rkv_labs/AHB-RAM-32b/uvm/sim/out/obj/rkv_ahbram_tb.simv -l run.log -sml +ntb_random_seed=1 +UVM_TESTNAME=rkv_ahbram_haddr_word_unaligned_test +UVM_VERBSITY=UVM_HIGH -cm_dir out/cov.vdb -cm_name rkv_ahbram_haddr_word_unaligned_test_1 -gui -ucli -do rkv_ahbram_sim_run.do

Warning-[RT_SMLWITHGUI] Smartlog with -gui
  The '-sml' flag is ignored; Smartlog is always enabled with '-gui'.
  The Smartlog is stored at DVEfiles/dve_gui.log.

Chronologic VCS simulator copyright 1991-2018
Contains Synopsys proprietary information.
Compiler version O-2018.09-SP2_Full64; Runtime version O-2018.09-SP2_Full64;  Jul 11 20:42 2022
UVM_INFO /opt/synopsys/vcs/vcs-mx/O-2018.09-SP2/etc/uvm-1.2/base/uvm_root.svh(402) @ 0: reporter [UVM/RELNOTES] 
----------------------------------------------------------------
UVM-1.2.Synopsys
(C) 2007-2014 Mentor Graphics Corporation
(C) 2007-2014 Cadence Design Systems, Inc.
(C) 2006-2014 Synopsys, Inc.
(C) 2011-2013 Cypress Semiconductor Corp.
(C) 2013-2014 NVIDIA Corporation
----------------------------------------------------------------

  ***********       IMPORTANT RELEASE NOTES         ************

  You are using a version of the UVM library that has been compiled
  with `UVM_NO_DEPRECATED undefined.
  See http://www.eda.org/svdb/view.php?id=3313 for more details.

  You are using a version of the UVM library that has been compiled
  with `UVM_OBJECT_DO_NOT_NEED_CONSTRUCTOR undefined.
  See http://www.eda.org/svdb/view.php?id=3770 for more details.

      (Specify +UVM_NO_RELNOTES to turn off this notice)

VCD+ Writer O-2018.09-SP2_Full64 Copyright (c) 1991-2018 by Synopsys Inc.

ucli% # GUI mode or Batch mode execution branch for different purpose
ucli% if {[info command guiIsActive]==""} {
  run
} else { 
  echo "GUI mode"
  dump -add / -depth 0
  do ./rkv_ahbram_debug_wave.do
}
GUI mode

ucli% run
UVM_INFO @ 0: reporter [RNTST] Running test rkv_ahbram_haddr_word_unaligned_test...
UVM_INFO ../seq_lib/rkv_ahbram_base_virtual_sequence.sv(24) @ 0: uvm_test_top.env.virt_sqr@@this [body] Entered...
UVM_INFO ../seq_lib/rkv_ahbram_base_virtual_sequence.sv(32) @ 78000: uvm_test_top.env.virt_sqr@@this [body] Exiting...
UVM_INFO ../seq_lib/rkv_ahbram_haddr_word_unaligned_virt_seq.sv(15) @ 78000: uvm_test_top.env.virt_sqr@@this [body] Entered...
UVM_INFO ../seq_lib/elem_seqs/rkv_ahbram_single_write_seq.sv(22) @ 78000: uvm_test_top.env.virt_sqr@@this.single_write [body] Entered...
UVM_INFO ../seq_lib/elem_seqs/rkv_ahbram_single_write_seq.sv(25) @ 84000: uvm_test_top.env.virt_sqr@@this.single_write [body] Exiting...
UVM_INFO ../seq_lib/elem_seqs/rkv_ahbram_single_read_seq.sv(22) @ 84000: uvm_test_top.env.virt_sqr@@this.single_read [body] Entered...
UVM_INFO ../seq_lib/elem_seqs/rkv_ahbram_single_read_seq.sv(26) @ 92000: uvm_test_top.env.virt_sqr@@this.single_read [body] Exiting...
UVM_INFO ../seq_lib/elem_seqs/rkv_ahbram_single_write_seq.sv(22) @ 92000: uvm_test_top.env.virt_sqr@@this.single_write [body] Entered...
UVM_INFO ../seq_lib/elem_seqs/rkv_ahbram_single_write_seq.sv(25) @ 100000: uvm_test_top.env.virt_sqr@@this.single_write [body] Exiting...
UVM_INFO ../seq_lib/elem_seqs/rkv_ahbram_single_read_seq.sv(22) @ 100000: uvm_test_top.env.virt_sqr@@this.single_read [body] Entered...
UVM_INFO ../seq_lib/elem_seqs/rkv_ahbram_single_read_seq.sv(26) @ 108000: uvm_test_top.env.virt_sqr@@this.single_read [body] Exiting...
UVM_INFO ../seq_lib/elem_seqs/rkv_ahbram_single_write_seq.sv(22) @ 108000: uvm_test_top.env.virt_sqr@@this.single_write [body] Entered...
UVM_INFO ../seq_lib/elem_seqs/rkv_ahbram_single_write_seq.sv(25) @ 116000: uvm_test_top.env.virt_sqr@@this.single_write [body] Exiting...
UVM_INFO ../seq_lib/elem_seqs/rkv_ahbram_single_read_seq.sv(22) @ 116000: uvm_test_top.env.virt_sqr@@this.single_read [body] Entered...
UVM_INFO ../seq_lib/elem_seqs/rkv_ahbram_single_read_seq.sv(26) @ 124000: uvm_test_top.env.virt_sqr@@this.single_read [body] Exiting...
UVM_INFO ../seq_lib/elem_seqs/rkv_ahbram_single_write_seq.sv(22) @ 124000: uvm_test_top.env.virt_sqr@@this.single_write [body] Entered...
UVM_INFO ../seq_lib/elem_seqs/rkv_ahbram_single_write_seq.sv(25) @ 132000: uvm_test_top.env.virt_sqr@@this.single_write [body] Exiting...
UVM_INFO ../seq_lib/elem_seqs/rkv_ahbram_single_read_seq.sv(22) @ 132000: uvm_test_top.env.virt_sqr@@this.single_read [body] Entered...
UVM_INFO ../seq_lib/elem_seqs/rkv_ahbram_single_read_seq.sv(26) @ 140000: uvm_test_top.env.virt_sqr@@this.single_read [body] Exiting...
UVM_INFO ../seq_lib/elem_seqs/rkv_ahbram_single_write_seq.sv(22) @ 140000: uvm_test_top.env.virt_sqr@@this.single_write [body] Entered...
UVM_INFO ../seq_lib/elem_seqs/rkv_ahbram_single_write_seq.sv(25) @ 148000: uvm_test_top.env.virt_sqr@@this.single_write [body] Exiting...
UVM_INFO ../seq_lib/elem_seqs/rkv_ahbram_single_read_seq.sv(22) @ 148000: uvm_test_top.env.virt_sqr@@this.single_read [body] Entered...
UVM_INFO ../seq_lib/elem_seqs/rkv_ahbram_single_read_seq.sv(26) @ 156000: uvm_test_top.env.virt_sqr@@this.single_read [body] Exiting...
UVM_INFO ../seq_lib/elem_seqs/rkv_ahbram_single_write_seq.sv(22) @ 156000: uvm_test_top.env.virt_sqr@@this.single_write [body] Entered...
UVM_INFO ../seq_lib/elem_seqs/rkv_ahbram_single_write_seq.sv(25) @ 164000: uvm_test_top.env.virt_sqr@@this.single_write [body] Exiting...
UVM_INFO ../seq_lib/elem_seqs/rkv_ahbram_single_read_seq.sv(22) @ 164000: uvm_test_top.env.virt_sqr@@this.single_read [body] Entered...
UVM_INFO ../seq_lib/elem_seqs/rkv_ahbram_single_read_seq.sv(26) @ 172000: uvm_test_top.env.virt_sqr@@this.single_read [body] Exiting...
UVM_INFO ../seq_lib/elem_seqs/rkv_ahbram_single_write_seq.sv(22) @ 172000: uvm_test_top.env.virt_sqr@@this.single_write [body] Entered...
UVM_INFO ../seq_lib/elem_seqs/rkv_ahbram_single_write_seq.sv(25) @ 180000: uvm_test_top.env.virt_sqr@@this.single_write [body] Exiting...
UVM_INFO ../seq_lib/elem_seqs/rkv_ahbram_single_read_seq.sv(22) @ 180000: uvm_test_top.env.virt_sqr@@this.single_read [body] Entered...
UVM_INFO ../seq_lib/elem_seqs/rkv_ahbram_single_read_seq.sv(26) @ 188000: uvm_test_top.env.virt_sqr@@this.single_read [body] Exiting...
UVM_INFO ../seq_lib/elem_seqs/rkv_ahbram_single_write_seq.sv(22) @ 188000: uvm_test_top.env.virt_sqr@@this.single_write [body] Entered...
UVM_INFO ../seq_lib/elem_seqs/rkv_ahbram_single_write_seq.sv(25) @ 196000: uvm_test_top.env.virt_sqr@@this.single_write [body] Exiting...
UVM_INFO ../seq_lib/elem_seqs/rkv_ahbram_single_read_seq.sv(22) @ 196000: uvm_test_top.env.virt_sqr@@this.single_read [body] Entered...
UVM_INFO ../seq_lib/elem_seqs/rkv_ahbram_single_read_seq.sv(26) @ 204000: uvm_test_top.env.virt_sqr@@this.single_read [body] Exiting...
UVM_INFO ../seq_lib/elem_seqs/rkv_ahbram_single_write_seq.sv(22) @ 204000: uvm_test_top.env.virt_sqr@@this.single_write [body] Entered...
UVM_INFO ../seq_lib/elem_seqs/rkv_ahbram_single_write_seq.sv(25) @ 212000: uvm_test_top.env.virt_sqr@@this.single_write [body] Exiting...
UVM_INFO ../seq_lib/elem_seqs/rkv_ahbram_single_read_seq.sv(22) @ 212000: uvm_test_top.env.virt_sqr@@this.single_read [body] Entered...
UVM_INFO ../seq_lib/elem_seqs/rkv_ahbram_single_read_seq.sv(26) @ 220000: uvm_test_top.env.virt_sqr@@this.single_read [body] Exiting...
UVM_INFO ../seq_lib/elem_seqs/rkv_ahbram_single_write_seq.sv(22) @ 220000: uvm_test_top.env.virt_sqr@@this.single_write [body] Entered...
UVM_INFO ../seq_lib/elem_seqs/rkv_ahbram_single_write_seq.sv(25) @ 228000: uvm_test_top.env.virt_sqr@@this.single_write [body] Exiting...
UVM_INFO ../seq_lib/elem_seqs/rkv_ahbram_single_read_seq.sv(22) @ 228000: uvm_test_top.env.virt_sqr@@this.single_read [body] Entered...
UVM_INFO ../seq_lib/elem_seqs/rkv_ahbram_single_read_seq.sv(26) @ 236000: uvm_test_top.env.virt_sqr@@this.single_read [body] Exiting...
UVM_INFO ../seq_lib/elem_seqs/rkv_ahbram_single_write_seq.sv(22) @ 236000: uvm_test_top.env.virt_sqr@@this.single_write [body] Entered...
UVM_INFO ../seq_lib/elem_seqs/rkv_ahbram_single_write_seq.sv(25) @ 244000: uvm_test_top.env.virt_sqr@@this.single_write [body] Exiting...
UVM_INFO ../seq_lib/elem_seqs/rkv_ahbram_single_read_seq.sv(22) @ 244000: uvm_test_top.env.virt_sqr@@this.single_read [body] Entered...
UVM_INFO ../seq_lib/elem_seqs/rkv_ahbram_single_read_seq.sv(26) @ 252000: uvm_test_top.env.virt_sqr@@this.single_read [body] Exiting...
UVM_INFO ../seq_lib/elem_seqs/rkv_ahbram_single_write_seq.sv(22) @ 252000: uvm_test_top.env.virt_sqr@@this.single_write [body] Entered...
UVM_INFO ../seq_lib/elem_seqs/rkv_ahbram_single_write_seq.sv(25) @ 260000: uvm_test_top.env.virt_sqr@@this.single_write [body] Exiting...
UVM_INFO ../seq_lib/elem_seqs/rkv_ahbram_single_read_seq.sv(22) @ 260000: uvm_test_top.env.virt_sqr@@this.single_read [body] Entered...
UVM_INFO ../seq_lib/elem_seqs/rkv_ahbram_single_read_seq.sv(26) @ 268000: uvm_test_top.env.virt_sqr@@this.single_read [body] Exiting...
UVM_INFO ../seq_lib/elem_seqs/rkv_ahbram_single_write_seq.sv(22) @ 268000: uvm_test_top.env.virt_sqr@@this.single_write [body] Entered...
UVM_INFO ../seq_lib/elem_seqs/rkv_ahbram_single_write_seq.sv(25) @ 276000: uvm_test_top.env.virt_sqr@@this.single_write [body] Exiting...
UVM_INFO ../seq_lib/elem_seqs/rkv_ahbram_single_read_seq.sv(22) @ 276000: uvm_test_top.env.virt_sqr@@this.single_read [body] Entered...
UVM_INFO ../seq_lib/elem_seqs/rkv_ahbram_single_read_seq.sv(26) @ 284000: uvm_test_top.env.virt_sqr@@this.single_read [body] Exiting...
UVM_INFO ../seq_lib/elem_seqs/rkv_ahbram_single_write_seq.sv(22) @ 284000: uvm_test_top.env.virt_sqr@@this.single_write [body] Entered...
UVM_INFO ../seq_lib/elem_seqs/rkv_ahbram_single_write_seq.sv(25) @ 292000: uvm_test_top.env.virt_sqr@@this.single_write [body] Exiting...
UVM_INFO ../seq_lib/elem_seqs/rkv_ahbram_single_read_seq.sv(22) @ 292000: uvm_test_top.env.virt_sqr@@this.single_read [body] Entered...
UVM_INFO ../seq_lib/elem_seqs/rkv_ahbram_single_read_seq.sv(26) @ 300000: uvm_test_top.env.virt_sqr@@this.single_read [body] Exiting...
UVM_INFO ../seq_lib/elem_seqs/rkv_ahbram_single_write_seq.sv(22) @ 300000: uvm_test_top.env.virt_sqr@@this.single_write [body] Entered...
UVM_INFO ../seq_lib/elem_seqs/rkv_ahbram_single_write_seq.sv(25) @ 308000: uvm_test_top.env.virt_sqr@@this.single_write [body] Exiting...
UVM_INFO ../seq_lib/elem_seqs/rkv_ahbram_single_read_seq.sv(22) @ 308000: uvm_test_top.env.virt_sqr@@this.single_read [body] Entered...
UVM_INFO ../seq_lib/elem_seqs/rkv_ahbram_single_read_seq.sv(26) @ 316000: uvm_test_top.env.virt_sqr@@this.single_read [body] Exiting...
UVM_INFO ../seq_lib/elem_seqs/rkv_ahbram_single_write_seq.sv(22) @ 316000: uvm_test_top.env.virt_sqr@@this.single_write [body] Entered...
UVM_INFO ../seq_lib/elem_seqs/rkv_ahbram_single_write_seq.sv(25) @ 324000: uvm_test_top.env.virt_sqr@@this.single_write [body] Exiting...
UVM_INFO ../seq_lib/elem_seqs/rkv_ahbram_single_read_seq.sv(22) @ 324000: uvm_test_top.env.virt_sqr@@this.single_read [body] Entered...
UVM_INFO ../seq_lib/elem_seqs/rkv_ahbram_single_read_seq.sv(26) @ 332000: uvm_test_top.env.virt_sqr@@this.single_read [body] Exiting...
UVM_INFO ../seq_lib/elem_seqs/rkv_ahbram_single_write_seq.sv(22) @ 332000: uvm_test_top.env.virt_sqr@@this.single_write [body] Entered...
UVM_INFO ../seq_lib/elem_seqs/rkv_ahbram_single_write_seq.sv(25) @ 340000: uvm_test_top.env.virt_sqr@@this.single_write [body] Exiting...
UVM_INFO ../seq_lib/elem_seqs/rkv_ahbram_single_read_seq.sv(22) @ 340000: uvm_test_top.env.virt_sqr@@this.single_read [body] Entered...
UVM_INFO ../seq_lib/elem_seqs/rkv_ahbram_single_read_seq.sv(26) @ 348000: uvm_test_top.env.virt_sqr@@this.single_read [body] Exiting...
UVM_INFO ../seq_lib/elem_seqs/rkv_ahbram_single_write_seq.sv(22) @ 348000: uvm_test_top.env.virt_sqr@@this.single_write [body] Entered...
UVM_INFO ../seq_lib/elem_seqs/rkv_ahbram_single_write_seq.sv(25) @ 356000: uvm_test_top.env.virt_sqr@@this.single_write [body] Exiting...
UVM_INFO ../seq_lib/elem_seqs/rkv_ahbram_single_read_seq.sv(22) @ 356000: uvm_test_top.env.virt_sqr@@this.single_read [body] Entered...
UVM_INFO ../seq_lib/elem_seqs/rkv_ahbram_single_read_seq.sv(26) @ 364000: uvm_test_top.env.virt_sqr@@this.single_read [body] Exiting...
UVM_INFO ../seq_lib/elem_seqs/rkv_ahbram_single_write_seq.sv(22) @ 364000: uvm_test_top.env.virt_sqr@@this.single_write [body] Entered...
UVM_INFO ../seq_lib/elem_seqs/rkv_ahbram_single_write_seq.sv(25) @ 372000: uvm_test_top.env.virt_sqr@@this.single_write [body] Exiting...
UVM_INFO ../seq_lib/elem_seqs/rkv_ahbram_single_read_seq.sv(22) @ 372000: uvm_test_top.env.virt_sqr@@this.single_read [body] Entered...
UVM_INFO ../seq_lib/elem_seqs/rkv_ahbram_single_read_seq.sv(26) @ 380000: uvm_test_top.env.virt_sqr@@this.single_read [body] Exiting...
UVM_INFO ../seq_lib/elem_seqs/rkv_ahbram_single_write_seq.sv(22) @ 380000: uvm_test_top.env.virt_sqr@@this.single_write [body] Entered...
UVM_INFO ../seq_lib/elem_seqs/rkv_ahbram_single_write_seq.sv(25) @ 388000: uvm_test_top.env.virt_sqr@@this.single_write [body] Exiting...
UVM_INFO ../seq_lib/elem_seqs/rkv_ahbram_single_read_seq.sv(22) @ 388000: uvm_test_top.env.virt_sqr@@this.single_read [body] Entered...
UVM_INFO ../seq_lib/elem_seqs/rkv_ahbram_single_read_seq.sv(26) @ 396000: uvm_test_top.env.virt_sqr@@this.single_read [body] Exiting...
UVM_INFO ../seq_lib/elem_seqs/rkv_ahbram_single_write_seq.sv(22) @ 396000: uvm_test_top.env.virt_sqr@@this.single_write [body] Entered...
UVM_INFO ../seq_lib/elem_seqs/rkv_ahbram_single_write_seq.sv(25) @ 404000: uvm_test_top.env.virt_sqr@@this.single_write [body] Exiting...
UVM_INFO ../seq_lib/elem_seqs/rkv_ahbram_single_read_seq.sv(22) @ 404000: uvm_test_top.env.virt_sqr@@this.single_read [body] Entered...
UVM_INFO ../seq_lib/elem_seqs/rkv_ahbram_single_read_seq.sv(26) @ 412000: uvm_test_top.env.virt_sqr@@this.single_read [body] Exiting...
UVM_INFO ../seq_lib/elem_seqs/rkv_ahbram_single_write_seq.sv(22) @ 412000: uvm_test_top.env.virt_sqr@@this.single_write [body] Entered...
UVM_INFO ../seq_lib/elem_seqs/rkv_ahbram_single_write_seq.sv(25) @ 420000: uvm_test_top.env.virt_sqr@@this.single_write [body] Exiting...
UVM_INFO ../seq_lib/elem_seqs/rkv_ahbram_single_read_seq.sv(22) @ 420000: uvm_test_top.env.virt_sqr@@this.single_read [body] Entered...
UVM_INFO ../seq_lib/elem_seqs/rkv_ahbram_single_read_seq.sv(26) @ 428000: uvm_test_top.env.virt_sqr@@this.single_read [body] Exiting...
UVM_INFO ../seq_lib/elem_seqs/rkv_ahbram_single_write_seq.sv(22) @ 428000: uvm_test_top.env.virt_sqr@@this.single_write [body] Entered...
UVM_INFO ../seq_lib/elem_seqs/rkv_ahbram_single_write_seq.sv(25) @ 436000: uvm_test_top.env.virt_sqr@@this.single_write [body] Exiting...
UVM_INFO ../seq_lib/elem_seqs/rkv_ahbram_single_read_seq.sv(22) @ 436000: uvm_test_top.env.virt_sqr@@this.single_read [body] Entered...
UVM_INFO ../seq_lib/elem_seqs/rkv_ahbram_single_read_seq.sv(26) @ 444000: uvm_test_top.env.virt_sqr@@this.single_read [body] Exiting...
UVM_INFO ../seq_lib/elem_seqs/rkv_ahbram_single_write_seq.sv(22) @ 444000: uvm_test_top.env.virt_sqr@@this.single_write [body] Entered...
UVM_INFO ../seq_lib/elem_seqs/rkv_ahbram_single_write_seq.sv(25) @ 452000: uvm_test_top.env.virt_sqr@@this.single_write [body] Exiting...
UVM_INFO ../seq_lib/elem_seqs/rkv_ahbram_single_read_seq.sv(22) @ 452000: uvm_test_top.env.virt_sqr@@this.single_read [body] Entered...
UVM_INFO ../seq_lib/elem_seqs/rkv_ahbram_single_read_seq.sv(26) @ 460000: uvm_test_top.env.virt_sqr@@this.single_read [body] Exiting...
UVM_INFO ../seq_lib/elem_seqs/rkv_ahbram_single_write_seq.sv(22) @ 460000: uvm_test_top.env.virt_sqr@@this.single_write [body] Entered...
UVM_INFO ../seq_lib/elem_seqs/rkv_ahbram_single_write_seq.sv(25) @ 468000: uvm_test_top.env.virt_sqr@@this.single_write [body] Exiting...
UVM_INFO ../seq_lib/elem_seqs/rkv_ahbram_single_read_seq.sv(22) @ 468000: uvm_test_top.env.virt_sqr@@this.single_read [body] Entered...
UVM_INFO ../seq_lib/elem_seqs/rkv_ahbram_single_read_seq.sv(26) @ 476000: uvm_test_top.env.virt_sqr@@this.single_read [body] Exiting...
UVM_INFO ../seq_lib/elem_seqs/rkv_ahbram_single_write_seq.sv(22) @ 476000: uvm_test_top.env.virt_sqr@@this.single_write [body] Entered...
UVM_INFO ../seq_lib/elem_seqs/rkv_ahbram_single_write_seq.sv(25) @ 484000: uvm_test_top.env.virt_sqr@@this.single_write [body] Exiting...
UVM_INFO ../seq_lib/elem_seqs/rkv_ahbram_single_read_seq.sv(22) @ 484000: uvm_test_top.env.virt_sqr@@this.single_read [body] Entered...
UVM_INFO ../seq_lib/elem_seqs/rkv_ahbram_single_read_seq.sv(26) @ 492000: uvm_test_top.env.virt_sqr@@this.single_read [body] Exiting...
UVM_INFO ../seq_lib/elem_seqs/rkv_ahbram_single_write_seq.sv(22) @ 492000: uvm_test_top.env.virt_sqr@@this.single_write [body] Entered...
UVM_INFO ../seq_lib/elem_seqs/rkv_ahbram_single_write_seq.sv(25) @ 500000: uvm_test_top.env.virt_sqr@@this.single_write [body] Exiting...
UVM_INFO ../seq_lib/elem_seqs/rkv_ahbram_single_read_seq.sv(22) @ 500000: uvm_test_top.env.virt_sqr@@this.single_read [body] Entered...
UVM_INFO ../seq_lib/elem_seqs/rkv_ahbram_single_read_seq.sv(26) @ 508000: uvm_test_top.env.virt_sqr@@this.single_read [body] Exiting...
UVM_INFO ../seq_lib/elem_seqs/rkv_ahbram_single_write_seq.sv(22) @ 508000: uvm_test_top.env.virt_sqr@@this.single_write [body] Entered...
UVM_INFO ../seq_lib/elem_seqs/rkv_ahbram_single_write_seq.sv(25) @ 516000: uvm_test_top.env.virt_sqr@@this.single_write [body] Exiting...
UVM_INFO ../seq_lib/elem_seqs/rkv_ahbram_single_read_seq.sv(22) @ 516000: uvm_test_top.env.virt_sqr@@this.single_read [body] Entered...
UVM_INFO ../seq_lib/elem_seqs/rkv_ahbram_single_read_seq.sv(26) @ 524000: uvm_test_top.env.virt_sqr@@this.single_read [body] Exiting...
UVM_INFO ../seq_lib/elem_seqs/rkv_ahbram_single_write_seq.sv(22) @ 524000: uvm_test_top.env.virt_sqr@@this.single_write [body] Entered...
UVM_INFO ../seq_lib/elem_seqs/rkv_ahbram_single_write_seq.sv(25) @ 532000: uvm_test_top.env.virt_sqr@@this.single_write [body] Exiting...
UVM_INFO ../seq_lib/elem_seqs/rkv_ahbram_single_read_seq.sv(22) @ 532000: uvm_test_top.env.virt_sqr@@this.single_read [body] Entered...
UVM_INFO ../seq_lib/elem_seqs/rkv_ahbram_single_read_seq.sv(26) @ 540000: uvm_test_top.env.virt_sqr@@this.single_read [body] Exiting...
UVM_INFO ../seq_lib/elem_seqs/rkv_ahbram_single_write_seq.sv(22) @ 540000: uvm_test_top.env.virt_sqr@@this.single_write [body] Entered...
UVM_INFO ../seq_lib/elem_seqs/rkv_ahbram_single_write_seq.sv(25) @ 548000: uvm_test_top.env.virt_sqr@@this.single_write [body] Exiting...
UVM_INFO ../seq_lib/elem_seqs/rkv_ahbram_single_read_seq.sv(22) @ 548000: uvm_test_top.env.virt_sqr@@this.single_read [body] Entered...
UVM_INFO ../seq_lib/elem_seqs/rkv_ahbram_single_read_seq.sv(26) @ 556000: uvm_test_top.env.virt_sqr@@this.single_read [body] Exiting...
UVM_INFO ../seq_lib/elem_seqs/rkv_ahbram_single_write_seq.sv(22) @ 556000: uvm_test_top.env.virt_sqr@@this.single_write [body] Entered...
UVM_INFO ../seq_lib/elem_seqs/rkv_ahbram_single_write_seq.sv(25) @ 564000: uvm_test_top.env.virt_sqr@@this.single_write [body] Exiting...
UVM_INFO ../seq_lib/elem_seqs/rkv_ahbram_single_read_seq.sv(22) @ 564000: uvm_test_top.env.virt_sqr@@this.single_read [body] Entered...
UVM_INFO ../seq_lib/elem_seqs/rkv_ahbram_single_read_seq.sv(26) @ 572000: uvm_test_top.env.virt_sqr@@this.single_read [body] Exiting...
UVM_INFO ../seq_lib/elem_seqs/rkv_ahbram_single_write_seq.sv(22) @ 572000: uvm_test_top.env.virt_sqr@@this.single_write [body] Entered...
UVM_INFO ../seq_lib/elem_seqs/rkv_ahbram_single_write_seq.sv(25) @ 580000: uvm_test_top.env.virt_sqr@@this.single_write [body] Exiting...
UVM_INFO ../seq_lib/elem_seqs/rkv_ahbram_single_read_seq.sv(22) @ 580000: uvm_test_top.env.virt_sqr@@this.single_read [body] Entered...
UVM_INFO ../seq_lib/elem_seqs/rkv_ahbram_single_read_seq.sv(26) @ 588000: uvm_test_top.env.virt_sqr@@this.single_read [body] Exiting...
UVM_INFO ../seq_lib/elem_seqs/rkv_ahbram_single_write_seq.sv(22) @ 588000: uvm_test_top.env.virt_sqr@@this.single_write [body] Entered...
UVM_INFO ../seq_lib/elem_seqs/rkv_ahbram_single_write_seq.sv(25) @ 596000: uvm_test_top.env.virt_sqr@@this.single_write [body] Exiting...
UVM_INFO ../seq_lib/elem_seqs/rkv_ahbram_single_read_seq.sv(22) @ 596000: uvm_test_top.env.virt_sqr@@this.single_read [body] Entered...
UVM_INFO ../seq_lib/elem_seqs/rkv_ahbram_single_read_seq.sv(26) @ 604000: uvm_test_top.env.virt_sqr@@this.single_read [body] Exiting...
UVM_INFO ../seq_lib/elem_seqs/rkv_ahbram_single_write_seq.sv(22) @ 604000: uvm_test_top.env.virt_sqr@@this.single_write [body] Entered...
UVM_INFO ../seq_lib/elem_seqs/rkv_ahbram_single_write_seq.sv(25) @ 612000: uvm_test_top.env.virt_sqr@@this.single_write [body] Exiting...
UVM_INFO ../seq_lib/elem_seqs/rkv_ahbram_single_read_seq.sv(22) @ 612000: uvm_test_top.env.virt_sqr@@this.single_read [body] Entered...
UVM_INFO ../seq_lib/elem_seqs/rkv_ahbram_single_read_seq.sv(26) @ 620000: uvm_test_top.env.virt_sqr@@this.single_read [body] Exiting...
UVM_INFO ../seq_lib/elem_seqs/rkv_ahbram_single_write_seq.sv(22) @ 620000: uvm_test_top.env.virt_sqr@@this.single_write [body] Entered...
UVM_INFO ../seq_lib/elem_seqs/rkv_ahbram_single_write_seq.sv(25) @ 628000: uvm_test_top.env.virt_sqr@@this.single_write [body] Exiting...
UVM_INFO ../seq_lib/elem_seqs/rkv_ahbram_single_read_seq.sv(22) @ 628000: uvm_test_top.env.virt_sqr@@this.single_read [body] Entered...
UVM_INFO ../seq_lib/elem_seqs/rkv_ahbram_single_read_seq.sv(26) @ 636000: uvm_test_top.env.virt_sqr@@this.single_read [body] Exiting...
UVM_INFO ../seq_lib/elem_seqs/rkv_ahbram_single_write_seq.sv(22) @ 636000: uvm_test_top.env.virt_sqr@@this.single_write [body] Entered...
UVM_INFO ../seq_lib/elem_seqs/rkv_ahbram_single_write_seq.sv(25) @ 644000: uvm_test_top.env.virt_sqr@@this.single_write [body] Exiting...
UVM_INFO ../seq_lib/elem_seqs/rkv_ahbram_single_read_seq.sv(22) @ 644000: uvm_test_top.env.virt_sqr@@this.single_read [body] Entered...
UVM_INFO ../seq_lib/elem_seqs/rkv_ahbram_single_read_seq.sv(26) @ 652000: uvm_test_top.env.virt_sqr@@this.single_read [body] Exiting...
UVM_INFO ../seq_lib/elem_seqs/rkv_ahbram_single_write_seq.sv(22) @ 652000: uvm_test_top.env.virt_sqr@@this.single_write [body] Entered...
UVM_INFO ../seq_lib/elem_seqs/rkv_ahbram_single_write_seq.sv(25) @ 660000: uvm_test_top.env.virt_sqr@@this.single_write [body] Exiting...
UVM_INFO ../seq_lib/elem_seqs/rkv_ahbram_single_read_seq.sv(22) @ 660000: uvm_test_top.env.virt_sqr@@this.single_read [body] Entered...
UVM_INFO ../seq_lib/elem_seqs/rkv_ahbram_single_read_seq.sv(26) @ 668000: uvm_test_top.env.virt_sqr@@this.single_read [body] Exiting...
UVM_INFO ../seq_lib/elem_seqs/rkv_ahbram_single_write_seq.sv(22) @ 668000: uvm_test_top.env.virt_sqr@@this.single_write [body] Entered...
UVM_INFO ../seq_lib/elem_seqs/rkv_ahbram_single_write_seq.sv(25) @ 676000: uvm_test_top.env.virt_sqr@@this.single_write [body] Exiting...
UVM_INFO ../seq_lib/elem_seqs/rkv_ahbram_single_read_seq.sv(22) @ 676000: uvm_test_top.env.virt_sqr@@this.single_read [body] Entered...
UVM_INFO ../seq_lib/elem_seqs/rkv_ahbram_single_read_seq.sv(26) @ 684000: uvm_test_top.env.virt_sqr@@this.single_read [body] Exiting...
UVM_INFO ../seq_lib/elem_seqs/rkv_ahbram_single_write_seq.sv(22) @ 684000: uvm_test_top.env.virt_sqr@@this.single_write [body] Entered...
UVM_INFO ../seq_lib/elem_seqs/rkv_ahbram_single_write_seq.sv(25) @ 692000: uvm_test_top.env.virt_sqr@@this.single_write [body] Exiting...
UVM_INFO ../seq_lib/elem_seqs/rkv_ahbram_single_read_seq.sv(22) @ 692000: uvm_test_top.env.virt_sqr@@this.single_read [body] Entered...
UVM_INFO ../seq_lib/elem_seqs/rkv_ahbram_single_read_seq.sv(26) @ 700000: uvm_test_top.env.virt_sqr@@this.single_read [body] Exiting...
UVM_INFO ../seq_lib/elem_seqs/rkv_ahbram_single_write_seq.sv(22) @ 700000: uvm_test_top.env.virt_sqr@@this.single_write [body] Entered...
UVM_INFO ../seq_lib/elem_seqs/rkv_ahbram_single_write_seq.sv(25) @ 708000: uvm_test_top.env.virt_sqr@@this.single_write [body] Exiting...
UVM_INFO ../seq_lib/elem_seqs/rkv_ahbram_single_read_seq.sv(22) @ 708000: uvm_test_top.env.virt_sqr@@this.single_read [body] Entered...
UVM_INFO ../seq_lib/elem_seqs/rkv_ahbram_single_read_seq.sv(26) @ 716000: uvm_test_top.env.virt_sqr@@this.single_read [body] Exiting...
UVM_INFO ../seq_lib/elem_seqs/rkv_ahbram_single_write_seq.sv(22) @ 716000: uvm_test_top.env.virt_sqr@@this.single_write [body] Entered...
UVM_INFO ../seq_lib/elem_seqs/rkv_ahbram_single_write_seq.sv(25) @ 724000: uvm_test_top.env.virt_sqr@@this.single_write [body] Exiting...
UVM_INFO ../seq_lib/elem_seqs/rkv_ahbram_single_read_seq.sv(22) @ 724000: uvm_test_top.env.virt_sqr@@this.single_read [body] Entered...
UVM_INFO ../seq_lib/elem_seqs/rkv_ahbram_single_read_seq.sv(26) @ 732000: uvm_test_top.env.virt_sqr@@this.single_read [body] Exiting...
UVM_INFO ../seq_lib/elem_seqs/rkv_ahbram_single_write_seq.sv(22) @ 732000: uvm_test_top.env.virt_sqr@@this.single_write [body] Entered...
UVM_INFO ../seq_lib/elem_seqs/rkv_ahbram_single_write_seq.sv(25) @ 740000: uvm_test_top.env.virt_sqr@@this.single_write [body] Exiting...
UVM_INFO ../seq_lib/elem_seqs/rkv_ahbram_single_read_seq.sv(22) @ 740000: uvm_test_top.env.virt_sqr@@this.single_read [body] Entered...
UVM_INFO ../seq_lib/elem_seqs/rkv_ahbram_single_read_seq.sv(26) @ 748000: uvm_test_top.env.virt_sqr@@this.single_read [body] Exiting...
UVM_INFO ../seq_lib/elem_seqs/rkv_ahbram_single_write_seq.sv(22) @ 748000: uvm_test_top.env.virt_sqr@@this.single_write [body] Entered...
UVM_INFO ../seq_lib/elem_seqs/rkv_ahbram_single_write_seq.sv(25) @ 756000: uvm_test_top.env.virt_sqr@@this.single_write [body] Exiting...
UVM_INFO ../seq_lib/elem_seqs/rkv_ahbram_single_read_seq.sv(22) @ 756000: uvm_test_top.env.virt_sqr@@this.single_read [body] Entered...
UVM_INFO ../seq_lib/elem_seqs/rkv_ahbram_single_read_seq.sv(26) @ 764000: uvm_test_top.env.virt_sqr@@this.single_read [body] Exiting...
UVM_INFO ../seq_lib/elem_seqs/rkv_ahbram_single_write_seq.sv(22) @ 764000: uvm_test_top.env.virt_sqr@@this.single_write [body] Entered...
UVM_INFO ../seq_lib/elem_seqs/rkv_ahbram_single_write_seq.sv(25) @ 772000: uvm_test_top.env.virt_sqr@@this.single_write [body] Exiting...
UVM_INFO ../seq_lib/elem_seqs/rkv_ahbram_single_read_seq.sv(22) @ 772000: uvm_test_top.env.virt_sqr@@this.single_read [body] Entered...
UVM_INFO ../seq_lib/elem_seqs/rkv_ahbram_single_read_seq.sv(26) @ 780000: uvm_test_top.env.virt_sqr@@this.single_read [body] Exiting...
UVM_INFO ../seq_lib/elem_seqs/rkv_ahbram_single_write_seq.sv(22) @ 780000: uvm_test_top.env.virt_sqr@@this.single_write [body] Entered...
UVM_INFO ../seq_lib/elem_seqs/rkv_ahbram_single_write_seq.sv(25) @ 788000: uvm_test_top.env.virt_sqr@@this.single_write [body] Exiting...
UVM_INFO ../seq_lib/elem_seqs/rkv_ahbram_single_read_seq.sv(22) @ 788000: uvm_test_top.env.virt_sqr@@this.single_read [body] Entered...
UVM_INFO ../seq_lib/elem_seqs/rkv_ahbram_single_read_seq.sv(26) @ 796000: uvm_test_top.env.virt_sqr@@this.single_read [body] Exiting...
UVM_INFO ../seq_lib/elem_seqs/rkv_ahbram_single_write_seq.sv(22) @ 796000: uvm_test_top.env.virt_sqr@@this.single_write [body] Entered...
UVM_INFO ../seq_lib/elem_seqs/rkv_ahbram_single_write_seq.sv(25) @ 804000: uvm_test_top.env.virt_sqr@@this.single_write [body] Exiting...
UVM_INFO ../seq_lib/elem_seqs/rkv_ahbram_single_read_seq.sv(22) @ 804000: uvm_test_top.env.virt_sqr@@this.single_read [body] Entered...
UVM_INFO ../seq_lib/elem_seqs/rkv_ahbram_single_read_seq.sv(26) @ 812000: uvm_test_top.env.virt_sqr@@this.single_read [body] Exiting...
UVM_INFO ../seq_lib/elem_seqs/rkv_ahbram_single_write_seq.sv(22) @ 812000: uvm_test_top.env.virt_sqr@@this.single_write [body] Entered...
UVM_INFO ../seq_lib/elem_seqs/rkv_ahbram_single_write_seq.sv(25) @ 820000: uvm_test_top.env.virt_sqr@@this.single_write [body] Exiting...
UVM_INFO ../seq_lib/elem_seqs/rkv_ahbram_single_read_seq.sv(22) @ 820000: uvm_test_top.env.virt_sqr@@this.single_read [body] Entered...
UVM_INFO ../seq_lib/elem_seqs/rkv_ahbram_single_read_seq.sv(26) @ 828000: uvm_test_top.env.virt_sqr@@this.single_read [body] Exiting...
UVM_INFO ../seq_lib/elem_seqs/rkv_ahbram_single_write_seq.sv(22) @ 828000: uvm_test_top.env.virt_sqr@@this.single_write [body] Entered...
UVM_INFO ../seq_lib/elem_seqs/rkv_ahbram_single_write_seq.sv(25) @ 836000: uvm_test_top.env.virt_sqr@@this.single_write [body] Exiting...
UVM_INFO ../seq_lib/elem_seqs/rkv_ahbram_single_read_seq.sv(22) @ 836000: uvm_test_top.env.virt_sqr@@this.single_read [body] Entered...
UVM_INFO ../seq_lib/elem_seqs/rkv_ahbram_single_read_seq.sv(26) @ 844000: uvm_test_top.env.virt_sqr@@this.single_read [body] Exiting...
UVM_INFO ../seq_lib/elem_seqs/rkv_ahbram_single_write_seq.sv(22) @ 844000: uvm_test_top.env.virt_sqr@@this.single_write [body] Entered...
UVM_INFO ../seq_lib/elem_seqs/rkv_ahbram_single_write_seq.sv(25) @ 852000: uvm_test_top.env.virt_sqr@@this.single_write [body] Exiting...
UVM_INFO ../seq_lib/elem_seqs/rkv_ahbram_single_read_seq.sv(22) @ 852000: uvm_test_top.env.virt_sqr@@this.single_read [body] Entered...
UVM_INFO ../seq_lib/elem_seqs/rkv_ahbram_single_read_seq.sv(26) @ 860000: uvm_test_top.env.virt_sqr@@this.single_read [body] Exiting...
UVM_INFO ../seq_lib/elem_seqs/rkv_ahbram_single_write_seq.sv(22) @ 860000: uvm_test_top.env.virt_sqr@@this.single_write [body] Entered...
UVM_INFO ../seq_lib/elem_seqs/rkv_ahbram_single_write_seq.sv(25) @ 868000: uvm_test_top.env.virt_sqr@@this.single_write [body] Exiting...
UVM_INFO ../seq_lib/elem_seqs/rkv_ahbram_single_read_seq.sv(22) @ 868000: uvm_test_top.env.virt_sqr@@this.single_read [body] Entered...
UVM_INFO ../seq_lib/elem_seqs/rkv_ahbram_single_read_seq.sv(26) @ 876000: uvm_test_top.env.virt_sqr@@this.single_read [body] Exiting...
UVM_INFO ../seq_lib/elem_seqs/rkv_ahbram_single_write_seq.sv(22) @ 876000: uvm_test_top.env.virt_sqr@@this.single_write [body] Entered...
UVM_INFO ../seq_lib/elem_seqs/rkv_ahbram_single_write_seq.sv(25) @ 884000: uvm_test_top.env.virt_sqr@@this.single_write [body] Exiting...
UVM_INFO ../seq_lib/elem_seqs/rkv_ahbram_single_read_seq.sv(22) @ 884000: uvm_test_top.env.virt_sqr@@this.single_read [body] Entered...
UVM_INFO ../seq_lib/elem_seqs/rkv_ahbram_single_read_seq.sv(26) @ 892000: uvm_test_top.env.virt_sqr@@this.single_read [body] Exiting...
UVM_INFO ../seq_lib/elem_seqs/rkv_ahbram_single_write_seq.sv(22) @ 892000: uvm_test_top.env.virt_sqr@@this.single_write [body] Entered...
UVM_INFO ../seq_lib/elem_seqs/rkv_ahbram_single_write_seq.sv(25) @ 900000: uvm_test_top.env.virt_sqr@@this.single_write [body] Exiting...
UVM_INFO ../seq_lib/elem_seqs/rkv_ahbram_single_read_seq.sv(22) @ 900000: uvm_test_top.env.virt_sqr@@this.single_read [body] Entered...
UVM_INFO ../seq_lib/elem_seqs/rkv_ahbram_single_read_seq.sv(26) @ 908000: uvm_test_top.env.virt_sqr@@this.single_read [body] Exiting...
UVM_INFO ../seq_lib/elem_seqs/rkv_ahbram_single_write_seq.sv(22) @ 908000: uvm_test_top.env.virt_sqr@@this.single_write [body] Entered...
UVM_INFO ../seq_lib/elem_seqs/rkv_ahbram_single_write_seq.sv(25) @ 916000: uvm_test_top.env.virt_sqr@@this.single_write [body] Exiting...
UVM_INFO ../seq_lib/elem_seqs/rkv_ahbram_single_read_seq.sv(22) @ 916000: uvm_test_top.env.virt_sqr@@this.single_read [body] Entered...
UVM_INFO ../seq_lib/elem_seqs/rkv_ahbram_single_read_seq.sv(26) @ 924000: uvm_test_top.env.virt_sqr@@this.single_read [body] Exiting...
UVM_INFO ../seq_lib/elem_seqs/rkv_ahbram_single_write_seq.sv(22) @ 924000: uvm_test_top.env.virt_sqr@@this.single_write [body] Entered...
UVM_INFO ../seq_lib/elem_seqs/rkv_ahbram_single_write_seq.sv(25) @ 932000: uvm_test_top.env.virt_sqr@@this.single_write [body] Exiting...
UVM_INFO ../seq_lib/elem_seqs/rkv_ahbram_single_read_seq.sv(22) @ 932000: uvm_test_top.env.virt_sqr@@this.single_read [body] Entered...
UVM_INFO ../seq_lib/elem_seqs/rkv_ahbram_single_read_seq.sv(26) @ 940000: uvm_test_top.env.virt_sqr@@this.single_read [body] Exiting...
UVM_INFO ../seq_lib/elem_seqs/rkv_ahbram_single_write_seq.sv(22) @ 940000: uvm_test_top.env.virt_sqr@@this.single_write [body] Entered...
UVM_INFO ../seq_lib/elem_seqs/rkv_ahbram_single_write_seq.sv(25) @ 948000: uvm_test_top.env.virt_sqr@@this.single_write [body] Exiting...
UVM_INFO ../seq_lib/elem_seqs/rkv_ahbram_single_read_seq.sv(22) @ 948000: uvm_test_top.env.virt_sqr@@this.single_read [body] Entered...
UVM_INFO ../seq_lib/elem_seqs/rkv_ahbram_single_read_seq.sv(26) @ 956000: uvm_test_top.env.virt_sqr@@this.single_read [body] Exiting...
UVM_INFO ../seq_lib/elem_seqs/rkv_ahbram_single_write_seq.sv(22) @ 956000: uvm_test_top.env.virt_sqr@@this.single_write [body] Entered...
UVM_INFO ../seq_lib/elem_seqs/rkv_ahbram_single_write_seq.sv(25) @ 964000: uvm_test_top.env.virt_sqr@@this.single_write [body] Exiting...
UVM_INFO ../seq_lib/elem_seqs/rkv_ahbram_single_read_seq.sv(22) @ 964000: uvm_test_top.env.virt_sqr@@this.single_read [body] Entered...
UVM_INFO ../seq_lib/elem_seqs/rkv_ahbram_single_read_seq.sv(26) @ 972000: uvm_test_top.env.virt_sqr@@this.single_read [body] Exiting...
UVM_INFO ../seq_lib/elem_seqs/rkv_ahbram_single_write_seq.sv(22) @ 972000: uvm_test_top.env.virt_sqr@@this.single_write [body] Entered...
UVM_INFO ../seq_lib/elem_seqs/rkv_ahbram_single_write_seq.sv(25) @ 980000: uvm_test_top.env.virt_sqr@@this.single_write [body] Exiting...
UVM_INFO ../seq_lib/elem_seqs/rkv_ahbram_single_read_seq.sv(22) @ 980000: uvm_test_top.env.virt_sqr@@this.single_read [body] Entered...
UVM_INFO ../seq_lib/elem_seqs/rkv_ahbram_single_read_seq.sv(26) @ 988000: uvm_test_top.env.virt_sqr@@this.single_read [body] Exiting...
UVM_INFO ../seq_lib/elem_seqs/rkv_ahbram_single_write_seq.sv(22) @ 988000: uvm_test_top.env.virt_sqr@@this.single_write [body] Entered...
UVM_INFO ../seq_lib/elem_seqs/rkv_ahbram_single_write_seq.sv(25) @ 996000: uvm_test_top.env.virt_sqr@@this.single_write [body] Exiting...
UVM_INFO ../seq_lib/elem_seqs/rkv_ahbram_single_read_seq.sv(22) @ 996000: uvm_test_top.env.virt_sqr@@this.single_read [body] Entered...
UVM_INFO ../seq_lib/elem_seqs/rkv_ahbram_single_read_seq.sv(26) @ 1004000: uvm_test_top.env.virt_sqr@@this.single_read [body] Exiting...
UVM_INFO ../seq_lib/elem_seqs/rkv_ahbram_single_write_seq.sv(22) @ 1004000: uvm_test_top.env.virt_sqr@@this.single_write [body] Entered...
UVM_INFO ../seq_lib/elem_seqs/rkv_ahbram_single_write_seq.sv(25) @ 1012000: uvm_test_top.env.virt_sqr@@this.single_write [body] Exiting...
UVM_INFO ../seq_lib/elem_seqs/rkv_ahbram_single_read_seq.sv(22) @ 1012000: uvm_test_top.env.virt_sqr@@this.single_read [body] Entered...
UVM_INFO ../seq_lib/elem_seqs/rkv_ahbram_single_read_seq.sv(26) @ 1020000: uvm_test_top.env.virt_sqr@@this.single_read [body] Exiting...
UVM_INFO ../seq_lib/elem_seqs/rkv_ahbram_single_write_seq.sv(22) @ 1020000: uvm_test_top.env.virt_sqr@@this.single_write [body] Entered...
UVM_INFO ../seq_lib/elem_seqs/rkv_ahbram_single_write_seq.sv(25) @ 1028000: uvm_test_top.env.virt_sqr@@this.single_write [body] Exiting...
UVM_INFO ../seq_lib/elem_seqs/rkv_ahbram_single_read_seq.sv(22) @ 1028000: uvm_test_top.env.virt_sqr@@this.single_read [body] Entered...
UVM_INFO ../seq_lib/elem_seqs/rkv_ahbram_single_read_seq.sv(26) @ 1036000: uvm_test_top.env.virt_sqr@@this.single_read [body] Exiting...
UVM_INFO ../seq_lib/elem_seqs/rkv_ahbram_single_write_seq.sv(22) @ 1036000: uvm_test_top.env.virt_sqr@@this.single_write [body] Entered...
UVM_INFO ../seq_lib/elem_seqs/rkv_ahbram_single_write_seq.sv(25) @ 1044000: uvm_test_top.env.virt_sqr@@this.single_write [body] Exiting...
UVM_INFO ../seq_lib/elem_seqs/rkv_ahbram_single_read_seq.sv(22) @ 1044000: uvm_test_top.env.virt_sqr@@this.single_read [body] Entered...
UVM_INFO ../seq_lib/elem_seqs/rkv_ahbram_single_read_seq.sv(26) @ 1052000: uvm_test_top.env.virt_sqr@@this.single_read [body] Exiting...
UVM_INFO ../seq_lib/elem_seqs/rkv_ahbram_single_write_seq.sv(22) @ 1052000: uvm_test_top.env.virt_sqr@@this.single_write [body] Entered...
UVM_INFO ../seq_lib/elem_seqs/rkv_ahbram_single_write_seq.sv(25) @ 1060000: uvm_test_top.env.virt_sqr@@this.single_write [body] Exiting...
UVM_INFO ../seq_lib/elem_seqs/rkv_ahbram_single_read_seq.sv(22) @ 1060000: uvm_test_top.env.virt_sqr@@this.single_read [body] Entered...
UVM_INFO ../seq_lib/elem_seqs/rkv_ahbram_single_read_seq.sv(26) @ 1068000: uvm_test_top.env.virt_sqr@@this.single_read [body] Exiting...
UVM_INFO ../seq_lib/elem_seqs/rkv_ahbram_single_write_seq.sv(22) @ 1068000: uvm_test_top.env.virt_sqr@@this.single_write [body] Entered...
UVM_INFO ../seq_lib/elem_seqs/rkv_ahbram_single_write_seq.sv(25) @ 1076000: uvm_test_top.env.virt_sqr@@this.single_write [body] Exiting...
UVM_INFO ../seq_lib/elem_seqs/rkv_ahbram_single_read_seq.sv(22) @ 1076000: uvm_test_top.env.virt_sqr@@this.single_read [body] Entered...
UVM_INFO ../seq_lib/elem_seqs/rkv_ahbram_single_read_seq.sv(26) @ 1084000: uvm_test_top.env.virt_sqr@@this.single_read [body] Exiting...
UVM_INFO ../seq_lib/elem_seqs/rkv_ahbram_single_write_seq.sv(22) @ 1084000: uvm_test_top.env.virt_sqr@@this.single_write [body] Entered...
UVM_INFO ../seq_lib/elem_seqs/rkv_ahbram_single_write_seq.sv(25) @ 1092000: uvm_test_top.env.virt_sqr@@this.single_write [body] Exiting...
UVM_INFO ../seq_lib/elem_seqs/rkv_ahbram_single_read_seq.sv(22) @ 1092000: uvm_test_top.env.virt_sqr@@this.single_read [body] Entered...
UVM_INFO ../seq_lib/elem_seqs/rkv_ahbram_single_read_seq.sv(26) @ 1100000: uvm_test_top.env.virt_sqr@@this.single_read [body] Exiting...
UVM_INFO ../seq_lib/elem_seqs/rkv_ahbram_single_write_seq.sv(22) @ 1100000: uvm_test_top.env.virt_sqr@@this.single_write [body] Entered...
UVM_INFO ../seq_lib/elem_seqs/rkv_ahbram_single_write_seq.sv(25) @ 1108000: uvm_test_top.env.virt_sqr@@this.single_write [body] Exiting...
UVM_INFO ../seq_lib/elem_seqs/rkv_ahbram_single_read_seq.sv(22) @ 1108000: uvm_test_top.env.virt_sqr@@this.single_read [body] Entered...
UVM_INFO ../seq_lib/elem_seqs/rkv_ahbram_single_read_seq.sv(26) @ 1116000: uvm_test_top.env.virt_sqr@@this.single_read [body] Exiting...
UVM_INFO ../seq_lib/elem_seqs/rkv_ahbram_single_write_seq.sv(22) @ 1116000: uvm_test_top.env.virt_sqr@@this.single_write [body] Entered...
UVM_INFO ../seq_lib/elem_seqs/rkv_ahbram_single_write_seq.sv(25) @ 1124000: uvm_test_top.env.virt_sqr@@this.single_write [body] Exiting...
UVM_INFO ../seq_lib/elem_seqs/rkv_ahbram_single_read_seq.sv(22) @ 1124000: uvm_test_top.env.virt_sqr@@this.single_read [body] Entered...
UVM_INFO ../seq_lib/elem_seqs/rkv_ahbram_single_read_seq.sv(26) @ 1132000: uvm_test_top.env.virt_sqr@@this.single_read [body] Exiting...
UVM_INFO ../seq_lib/elem_seqs/rkv_ahbram_single_write_seq.sv(22) @ 1132000: uvm_test_top.env.virt_sqr@@this.single_write [body] Entered...
UVM_INFO ../seq_lib/elem_seqs/rkv_ahbram_single_write_seq.sv(25) @ 1140000: uvm_test_top.env.virt_sqr@@this.single_write [body] Exiting...
UVM_INFO ../seq_lib/elem_seqs/rkv_ahbram_single_read_seq.sv(22) @ 1140000: uvm_test_top.env.virt_sqr@@this.single_read [body] Entered...
UVM_INFO ../seq_lib/elem_seqs/rkv_ahbram_single_read_seq.sv(26) @ 1148000: uvm_test_top.env.virt_sqr@@this.single_read [body] Exiting...
UVM_INFO ../seq_lib/elem_seqs/rkv_ahbram_single_write_seq.sv(22) @ 1148000: uvm_test_top.env.virt_sqr@@this.single_write [body] Entered...
UVM_INFO ../seq_lib/elem_seqs/rkv_ahbram_single_write_seq.sv(25) @ 1156000: uvm_test_top.env.virt_sqr@@this.single_write [body] Exiting...
UVM_INFO ../seq_lib/elem_seqs/rkv_ahbram_single_read_seq.sv(22) @ 1156000: uvm_test_top.env.virt_sqr@@this.single_read [body] Entered...
UVM_INFO ../seq_lib/elem_seqs/rkv_ahbram_single_read_seq.sv(26) @ 1164000: uvm_test_top.env.virt_sqr@@this.single_read [body] Exiting...
UVM_INFO ../seq_lib/elem_seqs/rkv_ahbram_single_write_seq.sv(22) @ 1164000: uvm_test_top.env.virt_sqr@@this.single_write [body] Entered...
UVM_INFO ../seq_lib/elem_seqs/rkv_ahbram_single_write_seq.sv(25) @ 1172000: uvm_test_top.env.virt_sqr@@this.single_write [body] Exiting...
UVM_INFO ../seq_lib/elem_seqs/rkv_ahbram_single_read_seq.sv(22) @ 1172000: uvm_test_top.env.virt_sqr@@this.single_read [body] Entered...
UVM_INFO ../seq_lib/elem_seqs/rkv_ahbram_single_read_seq.sv(26) @ 1180000: uvm_test_top.env.virt_sqr@@this.single_read [body] Exiting...
UVM_INFO ../seq_lib/elem_seqs/rkv_ahbram_single_write_seq.sv(22) @ 1180000: uvm_test_top.env.virt_sqr@@this.single_write [body] Entered...
UVM_INFO ../seq_lib/elem_seqs/rkv_ahbram_single_write_seq.sv(25) @ 1188000: uvm_test_top.env.virt_sqr@@this.single_write [body] Exiting...
UVM_INFO ../seq_lib/elem_seqs/rkv_ahbram_single_read_seq.sv(22) @ 1188000: uvm_test_top.env.virt_sqr@@this.single_read [body] Entered...
UVM_INFO ../seq_lib/elem_seqs/rkv_ahbram_single_read_seq.sv(26) @ 1196000: uvm_test_top.env.virt_sqr@@this.single_read [body] Exiting...
UVM_INFO ../seq_lib/elem_seqs/rkv_ahbram_single_write_seq.sv(22) @ 1196000: uvm_test_top.env.virt_sqr@@this.single_write [body] Entered...
UVM_INFO ../seq_lib/elem_seqs/rkv_ahbram_single_write_seq.sv(25) @ 1204000: uvm_test_top.env.virt_sqr@@this.single_write [body] Exiting...
UVM_INFO ../seq_lib/elem_seqs/rkv_ahbram_single_read_seq.sv(22) @ 1204000: uvm_test_top.env.virt_sqr@@this.single_read [body] Entered...
UVM_INFO ../seq_lib/elem_seqs/rkv_ahbram_single_read_seq.sv(26) @ 1212000: uvm_test_top.env.virt_sqr@@this.single_read [body] Exiting...
UVM_INFO ../seq_lib/elem_seqs/rkv_ahbram_single_write_seq.sv(22) @ 1212000: uvm_test_top.env.virt_sqr@@this.single_write [body] Entered...
UVM_INFO ../seq_lib/elem_seqs/rkv_ahbram_single_write_seq.sv(25) @ 1220000: uvm_test_top.env.virt_sqr@@this.single_write [body] Exiting...
UVM_INFO ../seq_lib/elem_seqs/rkv_ahbram_single_read_seq.sv(22) @ 1220000: uvm_test_top.env.virt_sqr@@this.single_read [body] Entered...
UVM_INFO ../seq_lib/elem_seqs/rkv_ahbram_single_read_seq.sv(26) @ 1228000: uvm_test_top.env.virt_sqr@@this.single_read [body] Exiting...
UVM_INFO ../seq_lib/elem_seqs/rkv_ahbram_single_write_seq.sv(22) @ 1228000: uvm_test_top.env.virt_sqr@@this.single_write [body] Entered...
UVM_INFO ../seq_lib/elem_seqs/rkv_ahbram_single_write_seq.sv(25) @ 1236000: uvm_test_top.env.virt_sqr@@this.single_write [body] Exiting...
UVM_INFO ../seq_lib/elem_seqs/rkv_ahbram_single_read_seq.sv(22) @ 1236000: uvm_test_top.env.virt_sqr@@this.single_read [body] Entered...
UVM_INFO ../seq_lib/elem_seqs/rkv_ahbram_single_read_seq.sv(26) @ 1244000: uvm_test_top.env.virt_sqr@@this.single_read [body] Exiting...
UVM_INFO ../seq_lib/elem_seqs/rkv_ahbram_single_write_seq.sv(22) @ 1244000: uvm_test_top.env.virt_sqr@@this.single_write [body] Entered...
UVM_INFO ../seq_lib/elem_seqs/rkv_ahbram_single_write_seq.sv(25) @ 1252000: uvm_test_top.env.virt_sqr@@this.single_write [body] Exiting...
UVM_INFO ../seq_lib/elem_seqs/rkv_ahbram_single_read_seq.sv(22) @ 1252000: uvm_test_top.env.virt_sqr@@this.single_read [body] Entered...
UVM_INFO ../seq_lib/elem_seqs/rkv_ahbram_single_read_seq.sv(26) @ 1260000: uvm_test_top.env.virt_sqr@@this.single_read [body] Exiting...
UVM_INFO ../seq_lib/elem_seqs/rkv_ahbram_single_write_seq.sv(22) @ 1260000: uvm_test_top.env.virt_sqr@@this.single_write [body] Entered...
UVM_INFO ../seq_lib/elem_seqs/rkv_ahbram_single_write_seq.sv(25) @ 1268000: uvm_test_top.env.virt_sqr@@this.single_write [body] Exiting...
UVM_INFO ../seq_lib/elem_seqs/rkv_ahbram_single_read_seq.sv(22) @ 1268000: uvm_test_top.env.virt_sqr@@this.single_read [body] Entered...
UVM_INFO ../seq_lib/elem_seqs/rkv_ahbram_single_read_seq.sv(26) @ 1276000: uvm_test_top.env.virt_sqr@@this.single_read [body] Exiting...
UVM_INFO ../seq_lib/elem_seqs/rkv_ahbram_single_write_seq.sv(22) @ 1276000: uvm_test_top.env.virt_sqr@@this.single_write [body] Entered...
UVM_INFO ../seq_lib/elem_seqs/rkv_ahbram_single_write_seq.sv(25) @ 1284000: uvm_test_top.env.virt_sqr@@this.single_write [body] Exiting...
UVM_INFO ../seq_lib/elem_seqs/rkv_ahbram_single_read_seq.sv(22) @ 1284000: uvm_test_top.env.virt_sqr@@this.single_read [body] Entered...
UVM_INFO ../seq_lib/elem_seqs/rkv_ahbram_single_read_seq.sv(26) @ 1292000: uvm_test_top.env.virt_sqr@@this.single_read [body] Exiting...
UVM_INFO ../seq_lib/elem_seqs/rkv_ahbram_single_write_seq.sv(22) @ 1292000: uvm_test_top.env.virt_sqr@@this.single_write [body] Entered...
UVM_INFO ../seq_lib/elem_seqs/rkv_ahbram_single_write_seq.sv(25) @ 1300000: uvm_test_top.env.virt_sqr@@this.single_write [body] Exiting...
UVM_INFO ../seq_lib/elem_seqs/rkv_ahbram_single_read_seq.sv(22) @ 1300000: uvm_test_top.env.virt_sqr@@this.single_read [body] Entered...
UVM_INFO ../seq_lib/elem_seqs/rkv_ahbram_single_read_seq.sv(26) @ 1308000: uvm_test_top.env.virt_sqr@@this.single_read [body] Exiting...
UVM_INFO ../seq_lib/elem_seqs/rkv_ahbram_single_write_seq.sv(22) @ 1308000: uvm_test_top.env.virt_sqr@@this.single_write [body] Entered...
UVM_INFO ../seq_lib/elem_seqs/rkv_ahbram_single_write_seq.sv(25) @ 1316000: uvm_test_top.env.virt_sqr@@this.single_write [body] Exiting...
UVM_INFO ../seq_lib/elem_seqs/rkv_ahbram_single_read_seq.sv(22) @ 1316000: uvm_test_top.env.virt_sqr@@this.single_read [body] Entered...
UVM_INFO ../seq_lib/elem_seqs/rkv_ahbram_single_read_seq.sv(26) @ 1324000: uvm_test_top.env.virt_sqr@@this.single_read [body] Exiting...
UVM_INFO ../seq_lib/elem_seqs/rkv_ahbram_single_write_seq.sv(22) @ 1324000: uvm_test_top.env.virt_sqr@@this.single_write [body] Entered...
UVM_INFO ../seq_lib/elem_seqs/rkv_ahbram_single_write_seq.sv(25) @ 1332000: uvm_test_top.env.virt_sqr@@this.single_write [body] Exiting...
UVM_INFO ../seq_lib/elem_seqs/rkv_ahbram_single_read_seq.sv(22) @ 1332000: uvm_test_top.env.virt_sqr@@this.single_read [body] Entered...
UVM_INFO ../seq_lib/elem_seqs/rkv_ahbram_single_read_seq.sv(26) @ 1340000: uvm_test_top.env.virt_sqr@@this.single_read [body] Exiting...
UVM_INFO ../seq_lib/elem_seqs/rkv_ahbram_single_write_seq.sv(22) @ 1340000: uvm_test_top.env.virt_sqr@@this.single_write [body] Entered...
UVM_INFO ../seq_lib/elem_seqs/rkv_ahbram_single_write_seq.sv(25) @ 1348000: uvm_test_top.env.virt_sqr@@this.single_write [body] Exiting...
UVM_INFO ../seq_lib/elem_seqs/rkv_ahbram_single_read_seq.sv(22) @ 1348000: uvm_test_top.env.virt_sqr@@this.single_read [body] Entered...
UVM_INFO ../seq_lib/elem_seqs/rkv_ahbram_single_read_seq.sv(26) @ 1356000: uvm_test_top.env.virt_sqr@@this.single_read [body] Exiting...
UVM_INFO ../seq_lib/elem_seqs/rkv_ahbram_single_write_seq.sv(22) @ 1356000: uvm_test_top.env.virt_sqr@@this.single_write [body] Entered...
UVM_INFO ../seq_lib/elem_seqs/rkv_ahbram_single_write_seq.sv(25) @ 1364000: uvm_test_top.env.virt_sqr@@this.single_write [body] Exiting...
UVM_INFO ../seq_lib/elem_seqs/rkv_ahbram_single_read_seq.sv(22) @ 1364000: uvm_test_top.env.virt_sqr@@this.single_read [body] Entered...
UVM_INFO ../seq_lib/elem_seqs/rkv_ahbram_single_read_seq.sv(26) @ 1372000: uvm_test_top.env.virt_sqr@@this.single_read [body] Exiting...
UVM_INFO ../seq_lib/elem_seqs/rkv_ahbram_single_write_seq.sv(22) @ 1372000: uvm_test_top.env.virt_sqr@@this.single_write [body] Entered...
UVM_INFO ../seq_lib/elem_seqs/rkv_ahbram_single_write_seq.sv(25) @ 1380000: uvm_test_top.env.virt_sqr@@this.single_write [body] Exiting...
UVM_INFO ../seq_lib/elem_seqs/rkv_ahbram_single_read_seq.sv(22) @ 1380000: uvm_test_top.env.virt_sqr@@this.single_read [body] Entered...
UVM_INFO ../seq_lib/elem_seqs/rkv_ahbram_single_read_seq.sv(26) @ 1388000: uvm_test_top.env.virt_sqr@@this.single_read [body] Exiting...
UVM_INFO ../seq_lib/elem_seqs/rkv_ahbram_single_write_seq.sv(22) @ 1388000: uvm_test_top.env.virt_sqr@@this.single_write [body] Entered...
UVM_INFO ../seq_lib/elem_seqs/rkv_ahbram_single_write_seq.sv(25) @ 1396000: uvm_test_top.env.virt_sqr@@this.single_write [body] Exiting...
UVM_INFO ../seq_lib/elem_seqs/rkv_ahbram_single_read_seq.sv(22) @ 1396000: uvm_test_top.env.virt_sqr@@this.single_read [body] Entered...
UVM_INFO ../seq_lib/elem_seqs/rkv_ahbram_single_read_seq.sv(26) @ 1404000: uvm_test_top.env.virt_sqr@@this.single_read [body] Exiting...
UVM_INFO ../seq_lib/elem_seqs/rkv_ahbram_single_write_seq.sv(22) @ 1404000: uvm_test_top.env.virt_sqr@@this.single_write [body] Entered...
UVM_INFO ../seq_lib/elem_seqs/rkv_ahbram_single_write_seq.sv(25) @ 1412000: uvm_test_top.env.virt_sqr@@this.single_write [body] Exiting...
UVM_INFO ../seq_lib/elem_seqs/rkv_ahbram_single_read_seq.sv(22) @ 1412000: uvm_test_top.env.virt_sqr@@this.single_read [body] Entered...
UVM_INFO ../seq_lib/elem_seqs/rkv_ahbram_single_read_seq.sv(26) @ 1420000: uvm_test_top.env.virt_sqr@@this.single_read [body] Exiting...
UVM_INFO ../seq_lib/elem_seqs/rkv_ahbram_single_write_seq.sv(22) @ 1420000: uvm_test_top.env.virt_sqr@@this.single_write [body] Entered...
UVM_INFO ../seq_lib/elem_seqs/rkv_ahbram_single_write_seq.sv(25) @ 1428000: uvm_test_top.env.virt_sqr@@this.single_write [body] Exiting...
UVM_INFO ../seq_lib/elem_seqs/rkv_ahbram_single_read_seq.sv(22) @ 1428000: uvm_test_top.env.virt_sqr@@this.single_read [body] Entered...
UVM_INFO ../seq_lib/elem_seqs/rkv_ahbram_single_read_seq.sv(26) @ 1436000: uvm_test_top.env.virt_sqr@@this.single_read [body] Exiting...
UVM_INFO ../seq_lib/elem_seqs/rkv_ahbram_single_write_seq.sv(22) @ 1436000: uvm_test_top.env.virt_sqr@@this.single_write [body] Entered...
UVM_INFO ../seq_lib/elem_seqs/rkv_ahbram_single_write_seq.sv(25) @ 1444000: uvm_test_top.env.virt_sqr@@this.single_write [body] Exiting...
UVM_INFO ../seq_lib/elem_seqs/rkv_ahbram_single_read_seq.sv(22) @ 1444000: uvm_test_top.env.virt_sqr@@this.single_read [body] Entered...
UVM_INFO ../seq_lib/elem_seqs/rkv_ahbram_single_read_seq.sv(26) @ 1452000: uvm_test_top.env.virt_sqr@@this.single_read [body] Exiting...
UVM_INFO ../seq_lib/elem_seqs/rkv_ahbram_single_write_seq.sv(22) @ 1452000: uvm_test_top.env.virt_sqr@@this.single_write [body] Entered...
UVM_INFO ../seq_lib/elem_seqs/rkv_ahbram_single_write_seq.sv(25) @ 1460000: uvm_test_top.env.virt_sqr@@this.single_write [body] Exiting...
UVM_INFO ../seq_lib/elem_seqs/rkv_ahbram_single_read_seq.sv(22) @ 1460000: uvm_test_top.env.virt_sqr@@this.single_read [body] Entered...
UVM_INFO ../seq_lib/elem_seqs/rkv_ahbram_single_read_seq.sv(26) @ 1468000: uvm_test_top.env.virt_sqr@@this.single_read [body] Exiting...
UVM_INFO ../seq_lib/elem_seqs/rkv_ahbram_single_write_seq.sv(22) @ 1468000: uvm_test_top.env.virt_sqr@@this.single_write [body] Entered...
UVM_INFO ../seq_lib/elem_seqs/rkv_ahbram_single_write_seq.sv(25) @ 1476000: uvm_test_top.env.virt_sqr@@this.single_write [body] Exiting...
UVM_INFO ../seq_lib/elem_seqs/rkv_ahbram_single_read_seq.sv(22) @ 1476000: uvm_test_top.env.virt_sqr@@this.single_read [body] Entered...
UVM_INFO ../seq_lib/elem_seqs/rkv_ahbram_single_read_seq.sv(26) @ 1484000: uvm_test_top.env.virt_sqr@@this.single_read [body] Exiting...
UVM_INFO ../seq_lib/elem_seqs/rkv_ahbram_single_write_seq.sv(22) @ 1484000: uvm_test_top.env.virt_sqr@@this.single_write [body] Entered...
UVM_INFO ../seq_lib/elem_seqs/rkv_ahbram_single_write_seq.sv(25) @ 1492000: uvm_test_top.env.virt_sqr@@this.single_write [body] Exiting...
UVM_INFO ../seq_lib/elem_seqs/rkv_ahbram_single_read_seq.sv(22) @ 1492000: uvm_test_top.env.virt_sqr@@this.single_read [body] Entered...
UVM_INFO ../seq_lib/elem_seqs/rkv_ahbram_single_read_seq.sv(26) @ 1500000: uvm_test_top.env.virt_sqr@@this.single_read [body] Exiting...
UVM_INFO ../seq_lib/elem_seqs/rkv_ahbram_single_write_seq.sv(22) @ 1500000: uvm_test_top.env.virt_sqr@@this.single_write [body] Entered...
UVM_INFO ../seq_lib/elem_seqs/rkv_ahbram_single_write_seq.sv(25) @ 1508000: uvm_test_top.env.virt_sqr@@this.single_write [body] Exiting...
UVM_INFO ../seq_lib/elem_seqs/rkv_ahbram_single_read_seq.sv(22) @ 1508000: uvm_test_top.env.virt_sqr@@this.single_read [body] Entered...
UVM_INFO ../seq_lib/elem_seqs/rkv_ahbram_single_read_seq.sv(26) @ 1516000: uvm_test_top.env.virt_sqr@@this.single_read [body] Exiting...
UVM_INFO ../seq_lib/elem_seqs/rkv_ahbram_single_write_seq.sv(22) @ 1516000: uvm_test_top.env.virt_sqr@@this.single_write [body] Entered...
UVM_INFO ../seq_lib/elem_seqs/rkv_ahbram_single_write_seq.sv(25) @ 1524000: uvm_test_top.env.virt_sqr@@this.single_write [body] Exiting...
UVM_INFO ../seq_lib/elem_seqs/rkv_ahbram_single_read_seq.sv(22) @ 1524000: uvm_test_top.env.virt_sqr@@this.single_read [body] Entered...
UVM_INFO ../seq_lib/elem_seqs/rkv_ahbram_single_read_seq.sv(26) @ 1532000: uvm_test_top.env.virt_sqr@@this.single_read [body] Exiting...
UVM_INFO ../seq_lib/elem_seqs/rkv_ahbram_single_write_seq.sv(22) @ 1532000: uvm_test_top.env.virt_sqr@@this.single_write [body] Entered...
UVM_INFO ../seq_lib/elem_seqs/rkv_ahbram_single_write_seq.sv(25) @ 1540000: uvm_test_top.env.virt_sqr@@this.single_write [body] Exiting...
UVM_INFO ../seq_lib/elem_seqs/rkv_ahbram_single_read_seq.sv(22) @ 1540000: uvm_test_top.env.virt_sqr@@this.single_read [body] Entered...
UVM_INFO ../seq_lib/elem_seqs/rkv_ahbram_single_read_seq.sv(26) @ 1548000: uvm_test_top.env.virt_sqr@@this.single_read [body] Exiting...
UVM_INFO ../seq_lib/elem_seqs/rkv_ahbram_single_write_seq.sv(22) @ 1548000: uvm_test_top.env.virt_sqr@@this.single_write [body] Entered...
UVM_INFO ../seq_lib/elem_seqs/rkv_ahbram_single_write_seq.sv(25) @ 1556000: uvm_test_top.env.virt_sqr@@this.single_write [body] Exiting...
UVM_INFO ../seq_lib/elem_seqs/rkv_ahbram_single_read_seq.sv(22) @ 1556000: uvm_test_top.env.virt_sqr@@this.single_read [body] Entered...
UVM_INFO ../seq_lib/elem_seqs/rkv_ahbram_single_read_seq.sv(26) @ 1564000: uvm_test_top.env.virt_sqr@@this.single_read [body] Exiting...
UVM_INFO ../seq_lib/elem_seqs/rkv_ahbram_single_write_seq.sv(22) @ 1564000: uvm_test_top.env.virt_sqr@@this.single_write [body] Entered...
UVM_INFO ../seq_lib/elem_seqs/rkv_ahbram_single_write_seq.sv(25) @ 1572000: uvm_test_top.env.virt_sqr@@this.single_write [body] Exiting...
UVM_INFO ../seq_lib/elem_seqs/rkv_ahbram_single_read_seq.sv(22) @ 1572000: uvm_test_top.env.virt_sqr@@this.single_read [body] Entered...
UVM_INFO ../seq_lib/elem_seqs/rkv_ahbram_single_read_seq.sv(26) @ 1580000: uvm_test_top.env.virt_sqr@@this.single_read [body] Exiting...
UVM_INFO ../seq_lib/elem_seqs/rkv_ahbram_single_write_seq.sv(22) @ 1580000: uvm_test_top.env.virt_sqr@@this.single_write [body] Entered...
UVM_INFO ../seq_lib/elem_seqs/rkv_ahbram_single_write_seq.sv(25) @ 1588000: uvm_test_top.env.virt_sqr@@this.single_write [body] Exiting...
UVM_INFO ../seq_lib/elem_seqs/rkv_ahbram_single_read_seq.sv(22) @ 1588000: uvm_test_top.env.virt_sqr@@this.single_read [body] Entered...
UVM_INFO ../seq_lib/elem_seqs/rkv_ahbram_single_read_seq.sv(26) @ 1596000: uvm_test_top.env.virt_sqr@@this.single_read [body] Exiting...
UVM_INFO ../seq_lib/elem_seqs/rkv_ahbram_single_write_seq.sv(22) @ 1596000: uvm_test_top.env.virt_sqr@@this.single_write [body] Entered...
UVM_INFO ../seq_lib/elem_seqs/rkv_ahbram_single_write_seq.sv(25) @ 1604000: uvm_test_top.env.virt_sqr@@this.single_write [body] Exiting...
UVM_INFO ../seq_lib/elem_seqs/rkv_ahbram_single_read_seq.sv(22) @ 1604000: uvm_test_top.env.virt_sqr@@this.single_read [body] Entered...
UVM_INFO ../seq_lib/elem_seqs/rkv_ahbram_single_read_seq.sv(26) @ 1612000: uvm_test_top.env.virt_sqr@@this.single_read [body] Exiting...
UVM_INFO ../seq_lib/elem_seqs/rkv_ahbram_single_write_seq.sv(22) @ 1612000: uvm_test_top.env.virt_sqr@@this.single_write [body] Entered...
UVM_INFO ../seq_lib/elem_seqs/rkv_ahbram_single_write_seq.sv(25) @ 1620000: uvm_test_top.env.virt_sqr@@this.single_write [body] Exiting...
UVM_INFO ../seq_lib/elem_seqs/rkv_ahbram_single_read_seq.sv(22) @ 1620000: uvm_test_top.env.virt_sqr@@this.single_read [body] Entered...
UVM_INFO ../seq_lib/elem_seqs/rkv_ahbram_single_read_seq.sv(26) @ 1628000: uvm_test_top.env.virt_sqr@@this.single_read [body] Exiting...
UVM_INFO ../seq_lib/elem_seqs/rkv_ahbram_single_write_seq.sv(22) @ 1628000: uvm_test_top.env.virt_sqr@@this.single_write [body] Entered...
UVM_INFO ../seq_lib/elem_seqs/rkv_ahbram_single_write_seq.sv(25) @ 1636000: uvm_test_top.env.virt_sqr@@this.single_write [body] Exiting...
UVM_INFO ../seq_lib/elem_seqs/rkv_ahbram_single_read_seq.sv(22) @ 1636000: uvm_test_top.env.virt_sqr@@this.single_read [body] Entered...
UVM_INFO ../seq_lib/elem_seqs/rkv_ahbram_single_read_seq.sv(26) @ 1644000: uvm_test_top.env.virt_sqr@@this.single_read [body] Exiting...
UVM_INFO ../seq_lib/elem_seqs/rkv_ahbram_single_write_seq.sv(22) @ 1644000: uvm_test_top.env.virt_sqr@@this.single_write [body] Entered...
UVM_INFO ../seq_lib/elem_seqs/rkv_ahbram_single_write_seq.sv(25) @ 1652000: uvm_test_top.env.virt_sqr@@this.single_write [body] Exiting...
UVM_INFO ../seq_lib/elem_seqs/rkv_ahbram_single_read_seq.sv(22) @ 1652000: uvm_test_top.env.virt_sqr@@this.single_read [body] Entered...
UVM_INFO ../seq_lib/elem_seqs/rkv_ahbram_single_read_seq.sv(26) @ 1660000: uvm_test_top.env.virt_sqr@@this.single_read [body] Exiting...
UVM_INFO ../seq_lib/elem_seqs/rkv_ahbram_single_write_seq.sv(22) @ 1660000: uvm_test_top.env.virt_sqr@@this.single_write [body] Entered...
UVM_INFO ../seq_lib/elem_seqs/rkv_ahbram_single_write_seq.sv(25) @ 1668000: uvm_test_top.env.virt_sqr@@this.single_write [body] Exiting...
UVM_INFO ../seq_lib/elem_seqs/rkv_ahbram_single_read_seq.sv(22) @ 1668000: uvm_test_top.env.virt_sqr@@this.single_read [body] Entered...
UVM_INFO ../seq_lib/elem_seqs/rkv_ahbram_single_read_seq.sv(26) @ 1676000: uvm_test_top.env.virt_sqr@@this.single_read [body] Exiting...
UVM_INFO ../seq_lib/rkv_ahbram_haddr_word_unaligned_virt_seq.sv(27) @ 1676000: uvm_test_top.env.virt_sqr@@this [body] Exiting...
UVM_INFO /opt/synopsys/vcs/vcs-mx/O-2018.09-SP2/etc/uvm-1.2/base/uvm_objection.svh(1276) @ 2676000: reporter [TEST_DONE] 'run' phase is ready to proceed to the 'extract' phase
UVM_INFO ../env/rkv_ahbram_env.sv(75) @ 2676000: uvm_test_top.env [TEST_SUMMARY] 
====================================== 
CURRENT TEST SUMMARY 
SEQUENCE CHECK COUNT: 0 
SEQUENCE CHECK ERROR: 0 
SCOREBOARD CHECK COUNT: 100 
SCOREBOARD CHECK ERROR: 0 
====================================== 

UVM_INFO /opt/synopsys/vcs/vcs-mx/O-2018.09-SP2/etc/uvm-1.2/base/uvm_report_catcher.svh(705) @ 2676000: reporter [UVM/REPORT/CATCHER] 
--- UVM Report catcher Summary ---


Number of demoted UVM_FATAL reports  :    0
Number of demoted UVM_ERROR reports  :    0
Number of demoted UVM_WARNING reports:    0
Number of caught UVM_FATAL reports   :    0
Number of caught UVM_ERROR reports   :    0
Number of caught UVM_WARNING reports :    0

UVM_INFO /opt/synopsys/vcs/vcs-mx/O-2018.09-SP2/etc/uvm-1.2/base/uvm_report_server.svh(894) @ 2676000: reporter [UVM/REPORT/SERVER] 
--- UVM Report Summary ---

** Report counts by severity
UVM_INFO :  409
UVM_WARNING :    0
UVM_ERROR :    0
UVM_FATAL :    0
** Report counts by id
[RNTST]     1
[TEST_DONE]     1
[TEST_SUMMARY]     1
[UVM/RELNOTES]     1
[UVM/REPORT/CATCHER]     1
[body]   404

$finish called from file "/opt/synopsys/vcs/vcs-mx/O-2018.09-SP2/etc/uvm-1.2/base/uvm_root.svh", line 527.
$finish at simulation time              2676000
Simulation complete, time is 2676000 ps.
           V C S   S i m u l a t i o n   R e p o r t 
Time: 2676000 ps
CPU Time:      0.700 seconds;       Data structure size:   8.6Mb
Mon Jul 11 20:50:44 2022
