Chronologic VCS simulator copyright 1991-2018
Contains Synopsys proprietary information.
Compiler version O-2018.09-SP2_Full64; Runtime version O-2018.09-SP2_Full64;  Jun 23 19:26 2022
UVM_INFO /opt/synopsys/vcs/vcs-mx/O-2018.09-SP2/etc/uvm-1.2/base/uvm_root.svh(402) @ 0: reporter [UVM/RELNOTES] 
----------------------------------------------------------------
UVM-1.2.Synopsys
(C) 2007-2014 Mentor Graphics Corporation
(C) 2007-2014 Cadence Design Systems, Inc.
(C) 2006-2014 Synopsys, Inc.
(C) 2011-2013 Cypress Semiconductor Corp.
(C) 2013-2014 NVIDIA Corporation
----------------------------------------------------------------

  ***********       IMPORTANT RELEASE NOTES         ************

  You are using a version of the UVM library that has been compiled
  with `UVM_NO_DEPRECATED undefined.
  See http://www.eda.org/svdb/view.php?id=3313 for more details.

  You are using a version of the UVM library that has been compiled
  with `UVM_OBJECT_DO_NOT_NEED_CONSTRUCTOR undefined.
  See http://www.eda.org/svdb/view.php?id=3770 for more details.

      (Specify +UVM_NO_RELNOTES to turn off this notice)

VCD+ Writer O-2018.09-SP2_Full64 Copyright (c) 1991-2018 by Synopsys Inc.

ucli% # GUI mode or Batch mode execution branch for different purpose
ucli% if {[info command guiIsActive]==""} {
  run
} else { 
  echo "GUI mode"
  dump -add / -depth 0
  do ./rkv_ahbram_debug_wave.do
}
GUI mode

ucli% runUVM_INFO @ 0: reporter [RNTST] Running test rkv_ahbram_smoke_test...
UVM_INFO ../seq_lib/rkv_ahbram_base_virtual_sequence.sv(24) @ 0: uvm_test_top.env.virt_sqr@@this [body] Entered...
UVM_INFO ../seq_lib/rkv_ahbram_base_virtual_sequence.sv(32) @ 78000: uvm_test_top.env.virt_sqr@@this [body] Exiting...
UVM_INFO ../seq_lib/rkv_ahbram_smoke_virt_seq.sv(14) @ 78000: uvm_test_top.env.virt_sqr@@this [body] Entered...
UVM_INFO ../seq_lib/elem_seqs/rkv_ahbram_single_write_seq.sv(22) @ 78000: uvm_test_top.env.virt_sqr@@this.single_write [body] Entered...
UVM_INFO ../seq_lib/elem_seqs/rkv_ahbram_single_write_seq.sv(25) @ 84000: uvm_test_top.env.virt_sqr@@this.single_write [body] Exiting...
UVM_INFO ../seq_lib/elem_seqs/rkv_ahbram_single_read_seq.sv(22) @ 84000: uvm_test_top.env.virt_sqr@@this.single_read [body] Entered...
UVM_INFO ../seq_lib/elem_seqs/rkv_ahbram_single_read_seq.sv(26) @ 92000: uvm_test_top.env.virt_sqr@@this.single_read [body] Exiting...
UVM_INFO ../seq_lib/rkv_ahbram_base_virtual_sequence.sv(39) @ 92000: uvm_test_top.env.virt_sqr@@this [CMPSUC] val1 'h0 === val2 'h0
UVM_INFO ../seq_lib/elem_seqs/rkv_ahbram_single_write_seq.sv(22) @ 92000: uvm_test_top.env.virt_sqr@@this.single_write [body] Entered...
UVM_INFO ../seq_lib/elem_seqs/rkv_ahbram_single_write_seq.sv(25) @ 100000: uvm_test_top.env.virt_sqr@@this.single_write [body] Exiting...
UVM_INFO ../seq_lib/elem_seqs/rkv_ahbram_single_read_seq.sv(22) @ 100000: uvm_test_top.env.virt_sqr@@this.single_read [body] Entered...
UVM_INFO ../seq_lib/elem_seqs/rkv_ahbram_single_read_seq.sv(26) @ 108000: uvm_test_top.env.virt_sqr@@this.single_read [body] Exiting...
UVM_INFO ../seq_lib/rkv_ahbram_base_virtual_sequence.sv(39) @ 108000: uvm_test_top.env.virt_sqr@@this [CMPSUC] val1 'h11 === val2 'h11
UVM_INFO ../seq_lib/elem_seqs/rkv_ahbram_single_write_seq.sv(22) @ 108000: uvm_test_top.env.virt_sqr@@this.single_write [body] Entered...
UVM_INFO ../seq_lib/elem_seqs/rkv_ahbram_single_write_seq.sv(25) @ 116000: uvm_test_top.env.virt_sqr@@this.single_write [body] Exiting...
UVM_INFO ../seq_lib/elem_seqs/rkv_ahbram_single_read_seq.sv(22) @ 116000: uvm_test_top.env.virt_sqr@@this.single_read [body] Entered...
UVM_INFO ../seq_lib/elem_seqs/rkv_ahbram_single_read_seq.sv(26) @ 124000: uvm_test_top.env.virt_sqr@@this.single_read [body] Exiting...
UVM_INFO ../seq_lib/rkv_ahbram_base_virtual_sequence.sv(39) @ 124000: uvm_test_top.env.virt_sqr@@this [CMPSUC] val1 'h22 === val2 'h22
UVM_INFO ../seq_lib/elem_seqs/rkv_ahbram_single_write_seq.sv(22) @ 124000: uvm_test_top.env.virt_sqr@@this.single_write [body] Entered...
UVM_INFO ../seq_lib/elem_seqs/rkv_ahbram_single_write_seq.sv(25) @ 132000: uvm_test_top.env.virt_sqr@@this.single_write [body] Exiting...
UVM_INFO ../seq_lib/elem_seqs/rkv_ahbram_single_read_seq.sv(22) @ 132000: uvm_test_top.env.virt_sqr@@this.single_read [body] Entered...
UVM_INFO ../seq_lib/elem_seqs/rkv_ahbram_single_read_seq.sv(26) @ 140000: uvm_test_top.env.virt_sqr@@this.single_read [body] Exiting...
UVM_INFO ../seq_lib/rkv_ahbram_base_virtual_sequence.sv(39) @ 140000: uvm_test_top.env.virt_sqr@@this [CMPSUC] val1 'h33 === val2 'h33
UVM_INFO ../seq_lib/elem_seqs/rkv_ahbram_single_write_seq.sv(22) @ 140000: uvm_test_top.env.virt_sqr@@this.single_write [body] Entered...
UVM_INFO ../seq_lib/elem_seqs/rkv_ahbram_single_write_seq.sv(25) @ 148000: uvm_test_top.env.virt_sqr@@this.single_write [body] Exiting...
UVM_INFO ../seq_lib/elem_seqs/rkv_ahbram_single_read_seq.sv(22) @ 148000: uvm_test_top.env.virt_sqr@@this.single_read [body] Entered...
UVM_INFO ../seq_lib/elem_seqs/rkv_ahbram_single_read_seq.sv(26) @ 156000: uvm_test_top.env.virt_sqr@@this.single_read [body] Exiting...
UVM_INFO ../seq_lib/rkv_ahbram_base_virtual_sequence.sv(39) @ 156000: uvm_test_top.env.virt_sqr@@this [CMPSUC] val1 'h44 === val2 'h44
UVM_INFO ../seq_lib/elem_seqs/rkv_ahbram_single_write_seq.sv(22) @ 156000: uvm_test_top.env.virt_sqr@@this.single_write [body] Entered...
UVM_INFO ../seq_lib/elem_seqs/rkv_ahbram_single_write_seq.sv(25) @ 164000: uvm_test_top.env.virt_sqr@@this.single_write [body] Exiting...
UVM_INFO ../seq_lib/elem_seqs/rkv_ahbram_single_read_seq.sv(22) @ 164000: uvm_test_top.env.virt_sqr@@this.single_read [body] Entered...
UVM_INFO ../seq_lib/elem_seqs/rkv_ahbram_single_read_seq.sv(26) @ 172000: uvm_test_top.env.virt_sqr@@this.single_read [body] Exiting...
UVM_INFO ../seq_lib/rkv_ahbram_base_virtual_sequence.sv(39) @ 172000: uvm_test_top.env.virt_sqr@@this [CMPSUC] val1 'h55 === val2 'h55
UVM_INFO ../seq_lib/elem_seqs/rkv_ahbram_single_write_seq.sv(22) @ 172000: uvm_test_top.env.virt_sqr@@this.single_write [body] Entered...
UVM_INFO ../seq_lib/elem_seqs/rkv_ahbram_single_write_seq.sv(25) @ 180000: uvm_test_top.env.virt_sqr@@this.single_write [body] Exiting...
UVM_INFO ../seq_lib/elem_seqs/rkv_ahbram_single_read_seq.sv(22) @ 180000: uvm_test_top.env.virt_sqr@@this.single_read [body] Entered...
UVM_INFO ../seq_lib/elem_seqs/rkv_ahbram_single_read_seq.sv(26) @ 188000: uvm_test_top.env.virt_sqr@@this.single_read [body] Exiting...
UVM_INFO ../seq_lib/rkv_ahbram_base_virtual_sequence.sv(39) @ 188000: uvm_test_top.env.virt_sqr@@this [CMPSUC] val1 'h66 === val2 'h66
UVM_INFO ../seq_lib/elem_seqs/rkv_ahbram_single_write_seq.sv(22) @ 188000: uvm_test_top.env.virt_sqr@@this.single_write [body] Entered...
UVM_INFO ../seq_lib/elem_seqs/rkv_ahbram_single_write_seq.sv(25) @ 196000: uvm_test_top.env.virt_sqr@@this.single_write [body] Exiting...
UVM_INFO ../seq_lib/elem_seqs/rkv_ahbram_single_read_seq.sv(22) @ 196000: uvm_test_top.env.virt_sqr@@this.single_read [body] Entered...
UVM_INFO ../seq_lib/elem_seqs/rkv_ahbram_single_read_seq.sv(26) @ 204000: uvm_test_top.env.virt_sqr@@this.single_read [body] Exiting...
UVM_INFO ../seq_lib/rkv_ahbram_base_virtual_sequence.sv(39) @ 204000: uvm_test_top.env.virt_sqr@@this [CMPSUC] val1 'h77 === val2 'h77
UVM_INFO ../seq_lib/elem_seqs/rkv_ahbram_single_write_seq.sv(22) @ 204000: uvm_test_top.env.virt_sqr@@this.single_write [body] Entered...
UVM_INFO ../seq_lib/elem_seqs/rkv_ahbram_single_write_seq.sv(25) @ 212000: uvm_test_top.env.virt_sqr@@this.single_write [body] Exiting...
UVM_INFO ../seq_lib/elem_seqs/rkv_ahbram_single_read_seq.sv(22) @ 212000: uvm_test_top.env.virt_sqr@@this.single_read [body] Entered...
UVM_INFO ../seq_lib/elem_seqs/rkv_ahbram_single_read_seq.sv(26) @ 220000: uvm_test_top.env.virt_sqr@@this.single_read [body] Exiting...
UVM_INFO ../seq_lib/rkv_ahbram_base_virtual_sequence.sv(39) @ 220000: uvm_test_top.env.virt_sqr@@this [CMPSUC] val1 'h88 === val2 'h88
UVM_INFO ../seq_lib/elem_seqs/rkv_ahbram_single_write_seq.sv(22) @ 220000: uvm_test_top.env.virt_sqr@@this.single_write [body] Entered...
UVM_INFO ../seq_lib/elem_seqs/rkv_ahbram_single_write_seq.sv(25) @ 228000: uvm_test_top.env.virt_sqr@@this.single_write [body] Exiting...
UVM_INFO ../seq_lib/elem_seqs/rkv_ahbram_single_read_seq.sv(22) @ 228000: uvm_test_top.env.virt_sqr@@this.single_read [body] Entered...
UVM_INFO ../seq_lib/elem_seqs/rkv_ahbram_single_read_seq.sv(26) @ 236000: uvm_test_top.env.virt_sqr@@this.single_read [body] Exiting...
UVM_INFO ../seq_lib/rkv_ahbram_base_virtual_sequence.sv(39) @ 236000: uvm_test_top.env.virt_sqr@@this [CMPSUC] val1 'h99 === val2 'h99
UVM_INFO ../seq_lib/rkv_ahbram_smoke_virt_seq.sv(25) @ 236000: uvm_test_top.env.virt_sqr@@this [body] Exiting...
UVM_INFO /opt/synopsys/vcs/vcs-mx/O-2018.09-SP2/etc/uvm-1.2/base/uvm_objection.svh(1276) @ 1236000: reporter [TEST_DONE] 'run' phase is ready to proceed to the 'extract' phase
UVM_INFO ../env/rkv_ahbram_env.sv(75) @ 1236000: uvm_test_top.env [TEST_SUMMARY] 
====================================== 
CURRENT TEST SUMMARY 
SEQUENCE CHECK COUNT: 10 
SEQUENCE CHECK ERROR: 0 
SCOREBOARD CHECK COUNT: 10 
SCOREBOARD CHECK ERROR: 0 
====================================== 

UVM_INFO /opt/synopsys/vcs/vcs-mx/O-2018.09-SP2/etc/uvm-1.2/base/uvm_report_catcher.svh(705) @ 1236000: reporter [UVM/REPORT/CATCHER] 
--- UVM Report catcher Summary ---


Number of demoted UVM_FATAL reports  :    0
Number of demoted UVM_ERROR reports  :    0
Number of demoted UVM_WARNING reports:    0
Number of caught UVM_FATAL reports   :    0
Number of caught UVM_ERROR reports   :    0
Number of caught UVM_WARNING reports :    0

UVM_INFO /opt/synopsys/vcs/vcs-mx/O-2018.09-SP2/etc/uvm-1.2/base/uvm_report_server.svh(894) @ 1236000: reporter [UVM/REPORT/SERVER] 
--- UVM Report Summary ---

** Report counts by severity
UVM_INFO :   59
UVM_WARNING :    0
UVM_ERROR :    0
UVM_FATAL :    0
** Report counts by id
[CMPSUC]    10
[RNTST]     1
[TEST_DONE]     1
[TEST_SUMMARY]     1
[UVM/RELNOTES]     1
[UVM/REPORT/CATCHER]     1
[body]    44

$finish called from file "/opt/synopsys/vcs/vcs-mx/O-2018.09-SP2/etc/uvm-1.2/base/uvm_root.svh", line 527.
$finish at simulation time              1236000
Simulation complete, time is 1236000 ps.
           V C S   S i m u l a t i o n   R e p o r t 
Time: 1236000 ps
CPU Time:      0.780 seconds;       Data structure size:   8.6Mb
Thu Jun 23 19:56:43 2022
